<?xml version="1.0" encoding="UTF-8"?>
<!-- Generated by org.testng.reporters.JUnitReportReporter -->
<testsuite skipped="0" hostname="WIN-NFDCINOH1RK" name="hdc2demos.Facebookpostdemo" tests="1" failures="0" timestamp="2020-02-06T05:07:17 UTC" time="0.014" errors="0">
  <testcase name="check" time="0.014" classname="hdc2demos.Facebookpostdemo"/>
</testsuite> <!-- hdc2demos.Facebookpostdemo -->
