<?xml version="1.0" encoding="UTF-8"?>
<!-- Generated by org.testng.reporters.JUnitReportReporter -->
<testsuite skipped="1" hostname="WIN-NFDCINOH1RK" name="hdc2demos.Testmgdemo1" tests="3" failures="0" timestamp="2020-02-04T09:41:04 UTC" time="0.021" errors="0">
  <testcase name="login" time="0.020" classname="hdc2demos.Testmgdemo1"/>
  <testcase name="logout" time="0.001" classname="hdc2demos.Testmgdemo1"/>
  <testcase name="register" classname="hdc2demos.Testmgdemo1">
    <skipped/>
  </testcase> <!-- register -->
</testsuite> <!-- hdc2demos.Testmgdemo1 -->
