<?xml version="1.0" encoding="UTF-8"?>
<!-- Generated by org.testng.reporters.JUnitReportReporter -->
<testsuite skipped="0" hostname="WIN-NFDCINOH1RK" name="handson1demoweb" tests="1" failures="0" timestamp="2020-02-05T10:32:31 UTC" time="10.971" errors="0">
  <testcase name="keyboardactions" time="10.971" classname="handson1demoweb"/>
</testsuite> <!-- handson1demoweb -->
