<?xml version="1.0" encoding="UTF-8"?>
<!-- Generated by org.testng.reporters.JUnitReportReporter -->
<testsuite skipped="1" hostname="WIN-NFDCINOH1RK" name="Popup" tests="2" failures="0" timestamp="2020-02-05T07:31:14 UTC" time="4.118" errors="0">
  <testcase name="Actionmousedragndrop" time="4.118" classname="Popup"/>
  <testcase name="Popupbox" classname="Popup">
    <skipped/>
  </testcase> <!-- Popupbox -->
</testsuite> <!-- Popup -->
