<?xml version="1.0" encoding="UTF-8"?>
<!-- Generated by org.testng.reporters.JUnitReportReporter -->
<testsuite skipped="0" hostname="WIN-NFDCINOH1RK" name="hdc2demos.testConfiguration" tests="2" failures="0" timestamp="2020-02-06T06:28:32 UTC" time="0.016" errors="0">
  <testcase name="logout" time="0.016" classname="hdc2demos.testConfiguration"/>
  <testcase name="registration" time="0.000" classname="hdc2demos.testConfiguration"/>
</testsuite> <!-- hdc2demos.testConfiguration -->
