<?xml version="1.0" encoding="UTF-8"?>
<!-- Generated by org.testng.reporters.JUnitReportReporter -->
<testsuite skipped="0" hostname="WIN-NFDCINOH1RK" name="Handson3demoweb" tests="1" failures="0" timestamp="2020-02-05T12:09:55 UTC" time="8.915" errors="0">
  <testcase name="register" time="8.915" classname="Handson3demoweb"/>
</testsuite> <!-- Handson3demoweb -->
