<?xml version="1.0" encoding="UTF-8"?>
<!-- Generated by org.testng.reporters.JUnitReportReporter -->
<testsuite skipped="0" hostname="WIN-NFDCINOH1RK" name="hdc2demos.Handson1demoweb" tests="1" failures="0" timestamp="2020-02-06T05:15:18 UTC" time="12.584" errors="0">
  <testcase name="keyboardactions" time="12.584" classname="hdc2demos.Handson1demoweb"/>
</testsuite> <!-- hdc2demos.Handson1demoweb -->
