<?xml version="1.0" encoding="UTF-8"?>
<!-- Generated by org.testng.reporters.JUnitReportReporter -->
<testsuite skipped="0" hostname="WIN-NFDCINOH1RK" name="hdc2demos.Handson2testmeapp" tests="1" failures="0" timestamp="2020-02-06T07:16:05 UTC" time="7.317" errors="0">
  <testcase name="printaddress" time="7.317" classname="hdc2demos.Handson2testmeapp"/>
</testsuite> <!-- hdc2demos.Handson2testmeapp -->
