<?xml version="1.0" encoding="UTF-8"?>
<!-- Generated by org.testng.reporters.JUnitReportReporter -->
<testsuite skipped="0" hostname="WIN-NFDCINOH1RK" name="hdc2demos.ExcelDemos" tests="1" failures="0" timestamp="2020-02-07T03:56:46 UTC" time="1.193" errors="0">
  <testcase name="f" time="1.193" classname="hdc2demos.ExcelDemos"/>
</testsuite> <!-- hdc2demos.ExcelDemos -->
