<?xml version="1.0" encoding="UTF-8"?>
<!-- Generated by org.testng.reporters.JUnitReportReporter -->
<testsuite skipped="1" hostname="WIN-NFDCINOH1RK" name="AssertDemos" tests="2" failures="0" timestamp="2020-02-05T06:43:12 UTC" time="0.015" errors="0">
  <testcase name="softassert" time="0.015" classname="AssertDemos"/>
  <testcase name="hardassert" classname="AssertDemos">
    <skipped/>
  </testcase> <!-- hardassert -->
</testsuite> <!-- AssertDemos -->
