<?xml version="1.0" encoding="UTF-8"?>
<!-- Generated by org.testng.reporters.JUnitReportReporter -->
<testsuite skipped="0" hostname="WIN-NFDCINOH1RK" name="Windows" tests="1" failures="0" timestamp="2020-02-05T09:53:13 UTC" time="9.854" errors="0">
  <testcase name="windows" time="9.854" classname="Windows"/>
</testsuite> <!-- Windows -->
